[ 2026-01-02 22:45:44 ] 221 tfidf_recommender - INFO - Building recommender system from data file: /Users/abdulmateen/rec_sys/data/processed.csv
[ 2026-01-02 22:45:44 ] 225 tfidf_recommender - INFO - Loading and preprocessing data...
[ 2026-01-02 22:45:46 ] 227 tfidf_recommender - INFO - Data preprocessed. Shape: (9600, 9)
[ 2026-01-02 22:45:46 ] 230 tfidf_recommender - INFO - Initializing TFIDFRecommender
[ 2026-01-02 22:45:46 ] 33 tfidf_recommender - INFO - Initializing TFIDFRecommender with max_features=5000, ngram_range=(1, 2)
[ 2026-01-02 22:45:46 ] 234 tfidf_recommender - INFO - Fitting TF-IDF vectorizer...
[ 2026-01-02 22:45:46 ] 52 tfidf_recommender - INFO - Fitting TF-IDF vectorizer on dataframe with shape (9600, 9), text_column: tags
[ 2026-01-02 22:45:46 ] 60 tfidf_recommender - INFO - Fitting and transforming text data with TF-IDF vectorizer
[ 2026-01-02 22:45:46 ] 66 tfidf_recommender - INFO - TF-IDF matrix shape: (9600, 5000)
[ 2026-01-02 22:45:46 ] 67 tfidf_recommender - INFO - Number of features: 5000
[ 2026-01-02 22:45:46 ] 68 tfidf_recommender - INFO - TF-IDF vectorizer fitted successfully
[ 2026-01-02 22:45:46 ] 238 tfidf_recommender - INFO - Computing cosine similarity matrix...
[ 2026-01-02 22:45:46 ] 81 tfidf_recommender - INFO - Computing cosine similarity matrix
[ 2026-01-02 22:45:46 ] 84 tfidf_recommender - INFO - Similarity matrix computed with shape: (9600, 9600)
[ 2026-01-02 22:45:46 ] 243 tfidf_recommender - INFO - Saving model to /Users/abdulmateen/rec_sys/models/recommender_model.pkl
[ 2026-01-02 22:45:46 ] 160 tfidf_recommender - INFO - Saving model to /Users/abdulmateen/rec_sys/models/recommender_model.pkl
[ 2026-01-02 22:45:46 ] 176 tfidf_recommender - INFO - Model saved successfully to /Users/abdulmateen/rec_sys/models/recommender_model.pkl (size: 6.22 MB)
[ 2026-01-02 22:45:46 ] 246 tfidf_recommender - INFO - Recommender system built successfully!
[ 2026-01-02 22:47:45 ] 100 tfidf_recommender - INFO - Getting recommendations for product_index=0, top_n=5
[ 2026-01-02 22:47:45 ] 119 tfidf_recommender - INFO - Successfully generated 5 recommendations
[ 2026-01-02 22:49:05 ] 100 tfidf_recommender - INFO - Getting recommendations for product_index=0, top_n=5
[ 2026-01-02 22:49:05 ] 119 tfidf_recommender - INFO - Successfully generated 5 recommendations
[ 2026-01-02 22:49:26 ] 100 tfidf_recommender - INFO - Getting recommendations for product_index=3, top_n=5
[ 2026-01-02 22:49:26 ] 119 tfidf_recommender - INFO - Successfully generated 5 recommendations
[ 2026-01-02 22:49:52 ] 100 tfidf_recommender - INFO - Getting recommendations for product_index=72, top_n=5
[ 2026-01-02 22:49:52 ] 119 tfidf_recommender - INFO - Successfully generated 5 recommendations
[ 2026-01-02 22:57:45 ] 100 tfidf_recommender - INFO - Getting recommendations for product_index=0, top_n=5
[ 2026-01-02 22:57:45 ] 119 tfidf_recommender - INFO - Successfully generated 5 recommendations
[ 2026-01-02 22:58:06 ] 100 tfidf_recommender - INFO - Getting recommendations for product_index=1646, top_n=5
[ 2026-01-02 22:58:06 ] 119 tfidf_recommender - INFO - Successfully generated 5 recommendations
[ 2026-01-02 22:58:16 ] 100 tfidf_recommender - INFO - Getting recommendations for product_index=359, top_n=5
[ 2026-01-02 22:58:16 ] 119 tfidf_recommender - INFO - Successfully generated 5 recommendations
[ 2026-01-02 22:58:26 ] 100 tfidf_recommender - INFO - Getting recommendations for product_index=418, top_n=5
[ 2026-01-02 22:58:26 ] 119 tfidf_recommender - INFO - Successfully generated 5 recommendations
[ 2026-01-02 22:58:36 ] 100 tfidf_recommender - INFO - Getting recommendations for product_index=418, top_n=5
[ 2026-01-02 22:58:36 ] 119 tfidf_recommender - INFO - Successfully generated 5 recommendations
[ 2026-01-02 22:58:43 ] 100 tfidf_recommender - INFO - Getting recommendations for product_index=418, top_n=5
[ 2026-01-02 22:58:43 ] 119 tfidf_recommender - INFO - Successfully generated 5 recommendations
[ 2026-01-02 22:59:11 ] 100 tfidf_recommender - INFO - Getting recommendations for product_index=418, top_n=2
[ 2026-01-02 22:59:11 ] 119 tfidf_recommender - INFO - Successfully generated 2 recommendations
[ 2026-01-02 22:59:18 ] 100 tfidf_recommender - INFO - Getting recommendations for product_index=65, top_n=2
[ 2026-01-02 22:59:18 ] 119 tfidf_recommender - INFO - Successfully generated 2 recommendations
[ 2026-01-02 22:59:52 ] 100 tfidf_recommender - INFO - Getting recommendations for product_index=65, top_n=10
[ 2026-01-02 22:59:52 ] 119 tfidf_recommender - INFO - Successfully generated 10 recommendations
[ 2026-01-02 23:00:00 ] 100 tfidf_recommender - INFO - Getting recommendations for product_index=4782, top_n=10
[ 2026-01-02 23:00:00 ] 119 tfidf_recommender - INFO - Successfully generated 10 recommendations
